<?xml version="1.0" encoding="UTF-8"?>
<!-- Generated by org.testng.reporters.JUnitReportReporter -->
<testsuite hostname="DESKTOP-CA5PM66" name="testCase.AL_AssignLeaveTest" tests="7" failures="0" timestamp="11 Feb 2021 11:05:12 GMT" time="29.310" errors="0">
  <testcase name="AL02_VerifyusercantAssignleavewithemptyemployeename" time="13.150" classname="testCase.AL_AssignLeaveTest"/>
  <testcase name="AL04_Verifyusercantassignwithnoselectedleavetype" time="2.696" classname="testCase.AL_AssignLeaveTest"/>
  <testcase name="AL07_VerifyUsershouldbeselectedtodateafterfromdate" time="3.553" classname="testCase.AL_AssignLeaveTest"/>
  <testcase name="AL05_Verifyusercantassignwithnoselectedfromdate" time="2.251" classname="testCase.AL_AssignLeaveTest"/>
  <testcase name="AL03_Verifyusercantassignleavewithinvalidemployeename" time="2.514" classname="testCase.AL_AssignLeaveTest"/>
  <testcase name="AL08_Verifyusercanbeassignleavewithvaliddata" time="2.411" classname="testCase.AL_AssignLeaveTest"/>
  <testcase name="AL06_Verifyusercantassignwithnoselectedtodate" time="2.735" classname="testCase.AL_AssignLeaveTest"/>
</testsuite> <!-- testCase.AL_AssignLeaveTest -->
