<?xml version="1.0" encoding="UTF-8"?>
<!-- Generated by org.testng.reporters.JUnitReportReporter -->
<testsuite hostname="DESKTOP-CA5PM66" name="testCase.PI_PunchInPageTest" tests="2" failures="0" timestamp="11 Feb 2021 10:57:18 GMT" time="17.257" errors="0">
  <testcase name="PI03_Verifyusercanpunchout" time="3.988" classname="testCase.PI_PunchInPageTest"/>
  <testcase name="PI02_Verifyusercanpunchin" time="13.269" classname="testCase.PI_PunchInPageTest"/>
</testsuite> <!-- testCase.PI_PunchInPageTest -->
